current directory: /Volumes/Data/Programming /Microverse Course/Mircroverse_Course/OOP-school-library/vendor/bundle/ruby/2.6.0/gems/json-2.6.3/ext/json/ext/generator
/System/Library/Frameworks/Ruby.framework/Versions/2.6/usr/bin/ruby extconf.rb --with-cppflags\=-I/usr/local/opt/openssl/include --with-ldflags\=-L/usr/local/opt/openssl/lib
creating Makefile

current directory: /Volumes/Data/Programming /Microverse Course/Mircroverse_Course/OOP-school-library/vendor/bundle/ruby/2.6.0/gems/json-2.6.3/ext/json/ext/generator
make DESTDIR\= sitearchdir\=./.gem.20231019-7112-1atmjh7 sitelibdir\=./.gem.20231019-7112-1atmjh7 clean

current directory: /Volumes/Data/Programming /Microverse Course/Mircroverse_Course/OOP-school-library/vendor/bundle/ruby/2.6.0/gems/json-2.6.3/ext/json/ext/generator
make DESTDIR\= sitearchdir\=./.gem.20231019-7112-1atmjh7 sitelibdir\=./.gem.20231019-7112-1atmjh7
compiling generator.c
In file included from generator.c:1:
In file included from ./../fbuffer/fbuffer.h:5:
In file included from /Applications/Xcode.app/Contents/Developer/Platforms/MacOSX.platform/Developer/SDKs/MacOSX13.1.sdk/System/Library/Frameworks/Ruby.framework/Versions/2.6/usr/include/ruby-2.6.0/ruby.h:33:
/Applications/Xcode.app/Contents/Developer/Platforms/MacOSX.platform/Developer/SDKs/MacOSX13.1.sdk/System/Library/Frameworks/Ruby.framework/Versions/2.6/usr/include/ruby-2.6.0/ruby/ruby.h:24:10: fatal error: 'ruby/config.h' file not found
#include "ruby/config.h"
         ^~~~~~~~~~~~~~~
/Applications/Xcode.app/Contents/Developer/Platforms/MacOSX.platform/Developer/SDKs/MacOSX13.1.sdk/System/Library/Frameworks/Ruby.framework/Versions/2.6/usr/include/ruby-2.6.0/ruby/ruby.h:24:10: note: did not find header 'config.h' in framework 'ruby' (loaded from '/Applications/Xcode.app/Contents/Developer/Platforms/MacOSX.platform/Developer/SDKs/MacOSX.sdk/System/Library/Frameworks')
1 error generated.
make: *** [generator.o] Error 1

make failed, exit code 2
